Iteration 0:
**Idea:** Discovering Latent Representations of Merger Trees for Cosmological Parameter Inference using Graph Autoencoders and Manifold Learning.

**Description:** This idea aims to learn a lower-dimensional latent representation of dark matter halo merger trees using a graph autoencoder (GAE). The encoder will map each merger tree (graph) to a latent vector. The decoder will then reconstruct the original graph structure and node features from this latent vector. We will train the GAE to minimize the reconstruction error. After training, we will analyze the learned latent space. Specifically, we will:

1.  **Visualize the latent space:** Use dimensionality reduction techniques like t-SNE or UMAP to visualize the latent space in 2D or 3D. Color the points in the latent space according to the corresponding cosmological parameters (Omega\_m and sigma\_8). This will allow us to see if merger trees from simulations with similar cosmological parameters cluster together in the latent space.

2.  **Quantify the relationship between latent space and cosmological parameters:** Train a simple regression model (e.g., linear regression, random forest) to predict Omega\_m and sigma\_8 from the latent vectors. Evaluate the performance of the regression model. This will quantify how well the latent space captures the information about the cosmological parameters.

3.  **Explore the structure of the latent space:** Apply manifold learning techniques (e.g., Isomap, Laplacian Eigenmaps) to the latent space. This might reveal underlying geometric structures that are related to the evolution of dark matter halos and the values of the cosmological parameters. The goal here is to discover hidden relationships between the merger tree structure and the underlying cosmology.

This approach combines dimensionality reduction (GAE) with manifold learning and regression to explore the complex relationship between merger tree structure and cosmological parameters. The learned latent space can potentially be used for: (1) visualizing and understanding the impact of cosmological parameters on halo formation; (2) developing more efficient methods for cosmological parameter inference from merger trees; and (3) identifying key features of merger trees that are most sensitive to cosmological parameters.
---------------------------------------------
Criticism:
The idea is reasonable, but it has several shortcomings that need to be addressed:

1.  **Computational Cost:** Training a GAE on 1000 relatively complex graphs, even without a GPU, can be computationally expensive and time-consuming. Given the limited computational resources (CPU-only), exploring simpler dimensionality reduction techniques *before* committing to a GAE might be more efficient.
2.  **GAE Architecture:** The description lacks specifics about the GAE architecture. Crucial details include the choice of graph convolutional layers (e.g., GCN, GraphSAGE, GAT), the number of layers, the latent space dimensionality, and the loss function. The success of the GAE hinges on these choices, and without specifying them, the idea remains vague. The reconstruction error needs to be carefully defined (reconstructing node features? edge attributes? the entire graph structure?).
3.  **Evaluation Metric:** The evaluation of the regression model trained on the latent space is mentioned, but without a clear metric. R-squared, Mean Squared Error (MSE), or other relevant metrics should be specified to quantitatively assess the performance of the latent space for cosmological parameter inference.
4.  **Overfitting:** With only 1000 merger trees, overfitting to the training data is a significant risk, especially with a complex model like a GAE. Techniques like cross-validation, regularization, or early stopping should be incorporated to mitigate overfitting. How will the dataset be split into training, validation, and test sets, considering the 25 trees per simulation? The validation and test sets should contain merger trees from simulations *not* seen during training.
5.  **Justification of Manifold Learning:** The justification for applying manifold learning *after* the GAE is weak. The GAE *already* performs dimensionality reduction. It's not clear what additional insights manifold learning will provide on a *pre-reduced* latent space. If the GAE is effective, the latent space should already capture the essential structure. Manifold learning might be more beneficial directly on graph-level features (e.g., graphlet counts, spectral features) if computational constraints become an issue.
6.  **Alternatives:** Before using a GAE, one could try to compute graph-level summary statistics and run PCA on them. This would be a much simpler approach and could potentially yield useful insights.

I suggest the following improvements:

*   Start with simpler dimensionality reduction techniques (PCA on graph-level features).
*   If a GAE is used, clearly define the architecture, loss function, and training procedure, including steps to prevent overfitting.
*   Specify the evaluation metric for the regression model.
*   Re-evaluate the necessity of manifold learning after the GAE. Consider applying it to graph-level features instead or skipping it entirely.
*   Explicitly define the training, validation, and test split, and ensure that trees from the same simulation are grouped together.
---------------------------------------------
Iteration 1:
**Idea:** Unveiling Cosmological Signatures in Merger Trees via Graph-Level Feature Extraction and PCA-based Latent Space Analysis.

**Description:** This idea focuses on extracting meaningful graph-level features from dark matter halo merger trees and using Principal Component Analysis (PCA) to create a low-dimensional latent representation. Instead of directly employing a Graph Autoencoder (GAE), which can be computationally expensive and prone to overfitting with the given dataset size, we will first compute a set of graph-level summary statistics for each merger tree. These statistics could include measures of graph density, average node degree, number of nodes and edges, spectral properties of the graph Laplacian (e.g., eigenvalues), and counts of small graphlets (e.g., triangles, 4-cliques). We will then apply PCA to these graph-level features to reduce the dimensionality while retaining the most significant variance. The resulting principal components will serve as the latent representation of the merger trees. Finally, we will train a regression model to predict cosmological parameters (Omega\_m and sigma\_8) from these latent vectors, evaluating its performance using appropriate metrics like R-squared and Mean Squared Error (MSE). We will also visualize the latent space, coloring points based on the cosmological parameters, to assess clustering and separability. The dataset will be split into training, validation, and test sets, ensuring merger trees from the same simulation are grouped together to prevent data leakage.
---------------------------------------------
Criticism:
The idea is reasonable and avoids the computational burden of GAEs. However, several points need further consideration and refinement:

1.  **Feature Engineering:** The success hinges critically on the choice of graph-level features. The suggested features (density, degree, counts of graphlets) are generic. More domain-specific features related to merger tree *evolution* should be considered. For example:
    *   The distribution of halo masses at different scale factors.
    *   The number of major mergers vs. minor mergers (defined by mass ratio).
    *   The average scale factor at which halos of a certain mass merge.
    *   The "shape" of the merger tree (e.g., is it bushy or spindly?). This could be quantified using measures of tree imbalance.
    *   The mass accretion history of the main progenitor branch.
    Without carefully considering astrophysically motivated features, the latent space might not capture the relevant cosmological information.

2.  **Graph Laplacian Eigenvalues:** Calculating eigenvalues of the graph Laplacian for 1000 graphs might still be computationally intensive, especially if the graphs are large. Consider alternatives or approximations if runtime becomes a problem. Also, specify *which* eigenvalues will be used. Using all eigenvalues is redundant; perhaps focus on the smallest few.

3.  **Graphlet Counting:** Counting graphlets can be computationally expensive, especially for larger graphlets. The number of possible graphlets grows combinatorially. Restricting to triangles and 4-cliques is good for computational reasons, but it might not be sufficient to capture complex structural information. Consider using approximate graphlet counting methods or focusing on specific, astrophysically relevant graphlets.

4.  **PCA Limitations:** PCA is a linear dimensionality reduction technique. If the relationship between the graph features and the cosmological parameters is highly non-linear, PCA might not be the optimal choice. Consider exploring non-linear dimensionality reduction techniques like Kernel PCA or manifold learning methods (Isomap, LLE) as alternatives, *after* the PCA approach has been thoroughly explored.

5.  **Regression Model Choice:** A simple regression model (linear regression, random forest) is a good starting point. However, justify the choice based on the characteristics of the latent space. If the latent space exhibits complex relationships with the cosmological parameters, consider more sophisticated models like neural networks (even if CPU-bound) or Gaussian Process Regression.

6.  **Evaluation Metrics:** R-squared and MSE are standard metrics, but consider other metrics relevant to the specific problem. For example, if the goal is to identify simulations with specific cosmological parameters, precision and recall might be more relevant. Also, consider using calibration metrics to assess how well the predicted uncertainties match the actual errors.

7.  **Data Leakage Prevention:** The idea mentions splitting the data so that trees from the same simulations are grouped together. This is essential, but the description does not specify *how* to create the training, validation, and test splits. A good approach is to split the simulations into training, validation, and test *simulations*, and then assign all merger trees from each simulation to the corresponding dataset split. For example, 70% simulations for training, 15% for validation, and 15% for testing.

8.  **Baseline Comparison:** Compare the performance of this method to a simpler baseline. For example, train a regression model directly on the node features (averaged over all nodes in the graph) *without* any graph-level feature extraction or dimensionality reduction. This will help to assess the value of the graph-level feature engineering.
---------------------------------------------
Iteration 2:
**Idea:** Revealing the link between Merger Tree Morphology and Cosmology via Astrophyiscally-Informed Feature Engineering, Topological Data Analysis, and Non-linear Dimensionality Reduction.

**Description:** This idea aims to extract astrophysically relevant graph-level features from merger trees, apply Topological Data Analysis (TDA) to capture the "shape" of merger trees, combine these features, and then use non-linear dimensionality reduction techniques to create a latent space that is highly correlated with cosmological parameters. We will then train a regression model to predict cosmological parameters from this latent space.

1.  **Astrophysically-Informed Feature Engineering:** Compute graph-level features that capture the *evolutionary* aspects of merger trees, including: distributions of halo masses at different scale factors, major/minor merger ratios, average scale factors of mergers for halos of specific masses, mass accretion histories of main progenitor branches.

2.  **Topological Data Analysis (TDA):** Employ TDA techniques (e.g., persistent homology) to quantify the "shape" of the merger trees. This involves constructing a filtration of the merger tree (e.g., based on halo mass or scale factor) and computing the persistent homology of the resulting simplicial complex. The persistent homology captures the birth and death times of topological features (e.g., connected components, loops) in the merger tree, providing a robust and informative representation of its overall structure.

3.  **Feature Combination and Dimensionality Reduction:** Combine the astrophysically-motivated features with the TDA features. Apply Kernel PCA or manifold learning techniques (Isomap, LLE) to reduce the dimensionality of the combined feature space, creating a low-dimensional latent representation.

4.  **Regression and Evaluation:** Train a regression model (Random Forest, Gaussian Process Regression) to predict cosmological parameters (Omega\_m and sigma\_8) from the latent vectors. Evaluate performance using R-squared, MSE, and calibration metrics. Compare the performance against a baseline regression model trained directly on node features (averaged over all nodes).

5. **Data Splitting:** Split the simulations (not the merger trees) into training (70%), validation (15%), and test (15%) sets. All merger trees from a given simulation will be assigned to the same dataset split.
---------------------------------------------
Criticism:
The idea is good, but there are still some points to consider:

1.  **Computational Cost of TDA:** TDA, especially persistent homology, can be computationally expensive, especially if the filtration process involves complex calculations or large simplicial complexes. Given the limited computational resources (CPU only), the feasibility of applying TDA to 1000 merger trees needs to be carefully evaluated. Consider simpler TDA approaches or approximations if necessary. Explore different filtration functions, and understand their impact on computational cost and information captured.

2.  **Justification for Feature Engineering Choices:** While astrophysically-informed feature engineering is a good idea, the specific features mentioned need more justification. *Why* are distributions of halo masses at different scale factors expected to be sensitive to cosmological parameters? The same applies to major/minor merger ratios and mass accretion histories. Provide a theoretical basis or physical intuition for each feature. Without a strong justification, you risk introducing irrelevant features that can degrade performance.

3.  **Interpretability of TDA Features:** The output of persistent homology (birth and death times of topological features) can be difficult to interpret directly in terms of physical processes. How will you relate the persistent homology features to the underlying astrophysics of halo formation and evolution? Consider visualizing persistence diagrams and persistence landscapes to gain insights into the topological features captured by TDA.

4.  **Choice of Dimensionality Reduction Techniques:** Kernel PCA, Isomap, and LLE are all valid choices for non-linear dimensionality reduction. However, the choice depends on the structure of the data and the desired properties of the latent space. Kernel PCA can be sensitive to the choice of kernel and its parameters. Isomap can be computationally expensive for large datasets. LLE can be sensitive to noise. Experiment with different techniques and evaluate their performance based on the downstream regression task and visualization. Consider the computational cost of these methods as well.

5.  **Baseline Comparison:** Comparing against a baseline regression model trained directly on *averaged* node features might not be the most informative comparison. A better baseline would be a regression model trained on more sophisticated node feature aggregation techniques (e.g., graph neural networks, or even simpler methods like max/min/mean pooling of node features). This would provide a fairer assessment of the benefits of the proposed feature engineering and dimensionality reduction approach.

6.  **Calibration Metrics:** Mentioning calibration metrics is good, but specify *which* calibration metrics will be used (e.g., expected calibration error, reliability diagrams). Also, explain *why* calibration is important in this context. Are accurate uncertainty estimates crucial for downstream applications?

7. **Consider alternative ideas:** Given the computational constraints and the potential difficulty of applying TDA effectively, consider a simpler idea that focuses on more efficient feature extraction methods, or a different way to use the graph structure.
---------------------------------------------
Iteration 3:
**Idea:** Graph Spectral Analysis and Diffusion Geometry for Unveiling Cosmological Signatures in Merger Trees

**Description:** This idea leverages graph spectral analysis and diffusion geometry to extract robust, interpretable, and computationally efficient features from merger trees, enabling the discovery of relationships between merger tree morphology and cosmological parameters. Instead of TDA, we will focus on spectral properties of the graph Laplacian and diffusion maps, which are less computationally demanding.

1.  **Graph Spectral Feature Extraction:** Compute the eigenvalues and eigenvectors of the normalized graph Laplacian for each merger tree. Use the eigenvalues as features, capturing the overall connectivity and structure of the graph. Also, compute spectral moments, which summarize the eigenvalue distribution.

2.  **Diffusion Geometry Embedding:** Construct a diffusion map embedding of each merger tree. This involves defining a diffusion operator on the graph and computing its eigenvectors. The eigenvectors corresponding to the largest eigenvalues provide a low-dimensional embedding of the nodes in the graph, capturing the diffusion geometry. Aggregate node embeddings at the graph level using mean/max/min pooling.

3.  **Astrophysically-Motivated Edge Feature Aggregation:** Calculate the mean and variance of edge attributes (scale factor difference, mass ratio) to capture merger event characteristics.

4.  **Dimensionality Reduction and Regression:** Apply PCA to the combined spectral features, diffusion map summaries, and edge statistics to reduce dimensionality. Train a regression model (Random Forest, Gradient Boosting) to predict cosmological parameters (Omega\_m and sigma\_8) from the resulting latent vectors.

5.  **Evaluation and Comparison:** Evaluate performance using R-squared, MSE, and uncertainty calibration metrics (expected calibration error, reliability diagrams). Compare against a baseline regression model trained on aggregated node features (mean/max/min pooling) and a graph neural network (GCN) baseline.
---------------------------------------------
