Iteration 0:
**IDEA:** Using QTT to compress and analyze merger tree data for improved halo property prediction.

**Description:** Merger trees, representing the hierarchical assembly of dark matter halos, are complex structures containing valuable information about halo formation and evolution. However, their size and complexity can be computationally challenging to analyze. Quantum Tensor Trains (QTT) offer a powerful dimensionality reduction technique that can efficiently represent high-dimensional data. This project proposes to apply QTT to compress the merger tree data (node features like mass, concentration, vmax, scale factor, and edge connections) stored in the PyTorch Geometric format. The compressed representation can then be used as input to a machine learning model (e.g., a Graph Neural Network) to predict halo properties like mass or concentration at a given redshift. This approach aims to achieve a more efficient and scalable analysis of cosmological simulations, potentially improving the accuracy and speed of halo property predictions. We can explore different QTT compression strategies and evaluate their impact on the performance of the downstream machine learning task. The node_halo_id can be used as a target variable for the machine learning model.
---------------------------------------------
Criticism:
The idea of using QTT to compress merger tree data and then using a GNN to predict halo properties is reasonable, but it has several potential issues that need addressing:

1.  **Feasibility of QTT on Graph Data:** QTT is primarily designed for tensor data, not graph data. While the node features can be treated as a tensor, the edge connections (edge\_index) represent the graph structure, which is not directly amenable to QTT compression. A naive application of QTT to the node features alone might lose crucial information about the graph's connectivity, which is vital for halo property prediction. How do you intend to incorporate graph structure into the QTT framework? This point is not addressed in the current description.

2.  **Computational Cost of QTT:** QTT can be computationally expensive, especially for large datasets. Given the limited computational resources (CPU only), applying QTT to 500 merger trees, each with hundreds of nodes, could be very slow. The description needs to consider the computational cost and potentially explore strategies to mitigate it, such as using smaller subsets of the data or simplifying the QTT compression.

3.  **Information Loss during Compression:** QTT compression inevitably involves some information loss. It's crucial to understand how this information loss affects the performance of the downstream GNN. The description should include a plan to evaluate the impact of different QTT compression levels on the accuracy of halo property predictions. What metrics will be used to assess the trade-off between compression and accuracy?

4.  **Choice of Target Variable:** Using `node_halo_id` as the target variable for the ML model seems problematic. `node_halo_id` is an identifier, not a continuous or categorical property that can be predicted. Predicting an ID is meaningless unless there's a specific meaning associated with the ID values, which is not clarified. A better target variable would be a specific halo property like mass, concentration, or spin. The current description needs to justify the choice of `node_halo_id` or propose a more suitable target variable. If the goal is to predict the halo ID, then you need to specify what is the purpose of this prediction.

5.  **Normalization:** The description mentions the importance of normalization, but it does not explicitly say how to normalize the edge connections.

In summary, the idea has potential, but it needs to address the challenges of applying QTT to graph data, managing the computational cost, evaluating the impact of compression on accuracy, and choosing a meaningful target variable. Without addressing these issues, the project is unlikely to be successful.
---------------------------------------------
Iteration 1:
**IDEA:** Graph QTT Autoencoder for Anomaly Detection in Merger Trees.

**Description:** Use a modified Quantum Tensor Train (QTT) autoencoder to learn a compressed representation of merger tree data, incorporating graph structure through message passing during the encoding phase. Train the autoencoder on a subset of "normal" merger trees. Then, use the reconstruction error of the autoencoder to identify anomalous merger trees, potentially indicative of unusual halo formation scenarios or simulation artifacts. The node features (mass, concentration, vmax, scale factor) and edge connections are used as input.
---------------------------------------------
Criticism:
The idea of using a Graph QTT Autoencoder for anomaly detection in merger trees is interesting, but several challenges and potential limitations need to be addressed.

1.  **Computational Cost:** QTT, even in its standard form, can be computationally expensive, especially for large datasets. Combining it with a Graph Neural Network (GNN) structure within an autoencoder further increases the complexity. Given the limitation of using CPUs only, the feasibility of training such a model on 500 merger trees, especially if they are large, is questionable. The runtime could be prohibitively long.

2.  **QTT and Graph Structure:** The description mentions "incorporating graph structure through message passing during the encoding phase." It is not clear how QTT, which is inherently designed for tensor decomposition, can be directly integrated with message passing in a GNN. A clear explanation of this integration is crucial. Is the QTT used to compress node features *after* message passing, or is it somehow involved *during* the message passing itself? The latter would be significantly more complex.

3.  **Definition of "Normal" Merger Trees:** The success of anomaly detection hinges on a well-defined notion of "normal." How will the subset of "normal" merger trees be selected? If the selection is biased or poorly defined, the autoencoder might learn a representation that doesn't accurately capture the typical characteristics of merger trees, leading to false positives or negatives in anomaly detection.

4.  **Reconstruction Error Metric:** The reconstruction error needs careful consideration. Standard reconstruction error metrics might not be suitable for graph data. The error should account for both node feature reconstruction and the preservation of graph structure (e.g., edge connections).

5.  **Scalability:** While the idea might work for 500 merger trees, its scalability to much larger datasets (e.g., from a full cosmological simulation) needs to be considered. The computational cost of QTT and GNNs can increase significantly with data size.

6.  **Alternative Anomaly Detection Methods:** Before investing heavily in a complex QTT-based approach, simpler anomaly detection methods should be considered as a baseline. For instance, one could use simpler autoencoders or even statistical methods based on halo properties to identify outliers.

7.  **Justification for QTT:** What is the specific advantage of using QTT over other dimensionality reduction techniques in this context? Is it expected to provide better compression, improved anomaly detection performance, or other benefits that justify its complexity? This needs to be clearly articulated.

Recommendation: Given the computational constraints and the complexity of integrating QTT with graph structures, it might be beneficial to explore simpler methods first. If QTT is still deemed necessary, the integration with the graph structure needs to be carefully designed and justified, and the computational feasibility needs to be thoroughly assessed.
---------------------------------------------
Iteration 2:
**IDEA:** QTT-Enhanced Feature Extraction for Merger Tree Classification via Contrastive Learning.

**Description:** Use Quantum Tensor Trains (QTT) to compress node features (mass, concentration, vmax, scale factor) of merger trees *before* feeding them into a Graph Neural Network (GNN). The GNN learns to classify merger trees into different categories based on their formation history (e.g., early vs. late formation). Instead of directly predicting classes, the GNN is trained using a contrastive learning objective. This encourages the GNN to learn representations where similar merger trees (based on their formation history) are close together in embedding space, and dissimilar trees are far apart. QTT reduces the dimensionality of node features, mitigating computational costs, while contrastive learning improves the GNN's ability to distinguish subtle differences in merger tree structure and node properties without relying on precisely defined class labels.
---------------------------------------------
Criticism:
The idea is reasonable, but the feasibility is questionable given the computational limitations and the complexity of QTT applied to graph-structured data. Training a GNN with contrastive learning on top of QTT compressed features, all on CPUs, might be too slow for any meaningful experimentation with only 500 merger trees. Furthermore, "formation history" isn't explicitly available in the provided data description. One would need to engineer this information. Finally, the benefits of using QTT over simpler dimensionality reduction techniques (like PCA) are not clearly justified. The added complexity of QTT might not be worth the potential gains, especially given the limited computational resources.
---------------------------------------------
Iteration 3:
**IDEA:** QTT-Informed Subgraph Feature Engineering for Merger Tree Regression.

**Description:** Use Quantum Tensor Trains (QTT) to identify and extract salient subgraphs from merger trees. Instead of compressing the entire tree, QTT is applied to the *feature matrix* of small, localized subgraphs (e.g., k-hop neighborhoods around nodes). This generates compressed feature vectors representing the local environment of each node. These QTT-informed subgraph features are then used as input to a simpler regression model (e.g., a Random Forest or Gradient Boosting model) to predict halo properties like halo mass *at z=0*. This avoids the computational bottleneck of training a full GNN and focuses on extracting meaningful local information from the merger trees, making the problem computationally tractable with CPUs and a limited dataset. We circumvent the need for explicit formation history labels by focusing on predicting a final halo property directly. This approach leverages QTT for feature engineering rather than end-to-end compression, potentially offering a more efficient and interpretable solution.
---------------------------------------------
