This is pdfTeX, Version 3.141592653-2.6-1.40.22 (TeX Live 2022/dev/Debian) (preloaded format=pdflatex 2025.5.2)  4 JUN 2025 00:56
entering extended mode
 restricted \write18 enabled.
 file:line:error style messages enabled.
 %&-line parsing enabled.
**/home/tda/PABLO/AstroPilot/papers/Project6/Example.tex
(/home/tda/PABLO/AstroPilot/papers/Project6/Example.tex
LaTeX2e <2021-11-15> patch level 1
L3 programming layer <2022-01-21> (/usr/share/texlive/texmf-dist/tex/latex/aastex/aastex631.cls
Document Class: aastex631 2020/12/20 Version 6.3.1d/AAS markup document class
Class aastex Info: 
 
 Original \LaTeX2.09 style by Chris Biemesderfer (chris@seagoat.com). 
 Adapted to \LaTeXe by A. Ogawa (ogawa@teleport.com)
 emulateapj.cls included, Copyright 2000-2015 Alexey Vikhlinin 
 Rewrite and update of emulateapj.cls, revised and enhanced with table macros, gridlines, draft watermark,
 track changes, new `modern' style and much more, by Amy Hendrickson,
 (amyh@texnology.com, http://www.texnology.com) 
 
  on input line 106.
\bibbaselineskip=\skip47
(/usr/share/texlive/texmf-dist/tex/latex/revtex4-1/revtex4-1.cls
Document Class: revtex4-1 2020/09/30 4.1s (http://publish.aps.org/revtex4/ for documentation)
 Copyright (c) 2009 The American Physical Society.
 mailto:revtex@aps.org
 Licensed under the LPPL:
http://www.ctan.org/tex-archive/macros/latex/base/lppl.txt
 Arthur Ogawa <arthur_ogawa at sbcglobal dot net>
 Based on work by David Carlisle <david at dcarlisle.demon.co.uk>.
ltxutil[2020/09/30 4.1s utilities package (portions licensed from W. E. Baxter web at superscript.com)]
LaTeX Info: Redefining \@centercr on input line 346.
Class revtex4-1 Info: Repairing hyperref-unfriendly LaTeX definition of \mpfootnote on input line 471.
Class revtex4-1 Info: Repairing broken LateX \@sect on input line 793.
\intertabularlinepenalty=\count185
\@tbpen=\count186
\@arstrutbox@hline=\box50
Class revtex4-1 Info: Repairing broken LaTeX \@xbitor on input line 1824.
Class revtex4-1 Info: Making \typeout \long on input line 2089.
ltxfront[2020/09/30 4.1s frontmatter package (AO,DPC)]
\c@affil=\count187
\c@collab=\count188
\absbox=\box51
ltxgrid[2020/09/30 4.1s page grid package (portions licensed from W. E. Baxter web at superscript.com)]
\c@linecount=\count189
\output@latex=\toks16
\box@size@1=\box52
\box@size@2=\box53
\@protection@box=\box54
\@topmark@saved=\toks17
\footins@saved=\box55
\footins@recovered=\box56
\column@recovered=\box57
\pagesofar=\box58
\footsofar=\box59
\pagegrid@col=\count190
Class revtex4-1 Info: Overriding \@vspace, \@vspacer, \@no@pgbk, \@newline, and \\  on input line 5655.
\c@part=\count191
\c@section=\count192
\c@subsection=\count193
\c@subsubsection=\count194
\c@paragraph=\count195
\c@subparagraph=\count196
\abovecaptionskip=\skip48
\belowcaptionskip=\skip49
\c@figure=\count197
\fbox@1=\box60
\c@table=\count198
\fbox@2=\box61
\c@video=\count199
\fbox@4=\box62
\@bibdataout=\write3
\widetext@top=\box63
\widetext@bot=\box64
Class revtex4-1 Info: Selecting society aps on input line 7616.
(/usr/share/texlive/texmf-dist/tex/latex/revtex4-1/aps4-1.rtx
File: aps4-1 2020/09/30 4.1s (http://publish.aps.org/revtex4/ for documentation)
Class revtex4-1 Info: RevTeX society APS selected on input line 31.
)
Class revtex4-1 Info: Selecting journal pra on input line 7618.
Class revtex4-1 Info: APS journal PRA selected on input line 7619.
 (/usr/share/texlive/texmf-dist/tex/latex/revtex4-1/aps10pt4-1.rtx
File: aps10pt4-1 2020/09/30 4.1s (http://publish.aps.org/revtex4/ for documentation)
Class revtex4-1 Info: RevTeX pointsize 10pt selected on input line 30.
) (/usr/share/texlive/texmf-dist/tex/latex/textcase/textcase.sty
Package: textcase 2019/09/14 v1.00 Text only upper/lower case changing (DPC)
) (/usr/share/texlive/texmf-dist/tex/latex/url/url.sty
\Urlmuskip=\muskip16
Package: url 2013/09/16  ver 3.4  Verb mode for urls, etc.
) (/usr/share/texlive/texmf-dist/tex/latex/natbib/natbib.sty
Package: natbib 2010/09/13 8.31b (PWD, AO)
\bibhang=\skip50
\bibsep=\skip51
LaTeX Info: Redefining \cite on input line 694.
\c@NAT@ctr=\count266
)
Class revtex4-1 Info: Repairing natbib's \BibitemShut on input line 7623.
 (/usr/share/texlive/texmf-dist/tex/latex/revtex4-1/revsymb4-1.sty
Package: revsymb4-1 2020/09/30 4.1s (http://publish.aps.org/revtex4/ for documentation)
LaTeX Info: Redefining \REV@mathfrak on input line 119.
)) (/usr/share/texlive/texmf-dist/tex/latex/base/latexsym.sty
Package: latexsym 1998/08/17 v2.2e Standard LaTeX package (lasy symbols)
\symlasy=\mathgroup4
LaTeX Font Info:    Overwriting symbol font `lasy' in version `bold'
(Font)                  U/lasy/m/n --> U/lasy/b/n on input line 52.
) (/usr/share/texlive/texmf-dist/tex/latex/graphics/graphicx.sty
Package: graphicx 2021/09/16 v1.2d Enhanced LaTeX Graphics (DPC,SPQR)
 (/usr/share/texlive/texmf-dist/tex/latex/graphics/keyval.sty
Package: keyval 2014/10/28 v1.15 key=value parser (DPC)
\KV@toks@=\toks18
) (/usr/share/texlive/texmf-dist/tex/latex/graphics/graphics.sty
Package: graphics 2021/03/04 v1.4d Standard LaTeX Graphics (DPC,SPQR)
 (/usr/share/texlive/texmf-dist/tex/latex/graphics/trig.sty
Package: trig 2021/08/11 v1.11 sin cos tan (DPC)
) (/usr/share/texlive/texmf-dist/tex/latex/graphics-cfg/graphics.cfg
File: graphics.cfg 2016/06/04 v1.11 sample graphics configuration
)
Package graphics Info: Driver file: pdftex.def on input line 107.
 (/usr/share/texlive/texmf-dist/tex/latex/graphics-def/pdftex.def
File: pdftex.def 2020/10/05 v1.2a Graphics/color driver for pdftex
))
\Gin@req@height=\dimen138
\Gin@req@width=\dimen139
) (/usr/share/texlive/texmf-dist/tex/latex/amsfonts/amssymb.sty
Package: amssymb 2013/01/14 v3.01 AMS font symbols
 (/usr/share/texlive/texmf-dist/tex/latex/amsfonts/amsfonts.sty
Package: amsfonts 2013/01/14 v3.01 Basic AMSFonts support
\@emptytoks=\toks19
\symAMSa=\mathgroup5
\symAMSb=\mathgroup6
LaTeX Font Info:    Redeclaring math symbol \hbar on input line 98.
LaTeX Font Info:    Overwriting math alphabet `\mathfrak' in version `bold'
(Font)                  U/euf/m/n --> U/euf/b/n on input line 106.
LaTeX Info: Redefining \frak on input line 111.
LaTeX Info: Redefining \Bbb on input line 113.
)) (/usr/share/texlive/texmf-dist/tex/generic/epsf/epsf.sty
This is `epsf.tex' v2.7.4 <14 February 2011>
\epsffilein=\read2
\epsfframemargin=\dimen140
\epsfframethickness=\dimen141
\epsfrsize=\dimen142
\epsftmp=\dimen143
\epsftsize=\dimen144
\epsfxsize=\dimen145
\epsfysize=\dimen146
\pspoints=\dimen147
)
\rptnum=\count267
\rptloopnum=\count268
\fncount=\count269
\endfncount=\count270
\c@front@matter@foot@note=\count271
\keys@width=\skip52
\c@lastfootnote=\count272
\tempsectnum=\count273
\ackbox=\box65
\c@remember@figure@num=\count274
\c@remember@table@num=\count275
\bibskip=\skip53
\bibindent=\dimen148
\plot@width=\skip54
\c@table@save=\count276
\@abovenoteskip=\dimen149
\table@note@skip=\skip55
\deluxe@table@width=\skip56
\@d@t@a=\skip57
\c@deluxe@table@num=\count277
\LTcapwidth=\dimen150
\abovedeluxetableskip=\skip58
\belowdeluxetableskip=\skip59
\lastrowheight=\dimen151
\DT@p@ftn=\toks20
\pt@column=\count278
\pt@ncol=\count279
 (/usr/share/texlive/texmf-dist/tex/latex/tools/longtable.sty
Package: longtable 2021-09-01 v4.17 Multi-page Table package (DPC)
\LTleft=\skip60
\LTright=\skip61
\LTpre=\skip62
\LTpost=\skip63
\LTchunksize=\count280
\LTcapwidth=\dimen152
\LT@head=\box66
\LT@firsthead=\box67
\LT@foot=\box68
\LT@lastfoot=\box69
\LT@gbox=\box70
\LT@cols=\count281
\LT@rows=\count282
\c@LT@tables=\count283
\c@LT@chunks=\count284
\LT@p@ftn=\toks21
) (/usr/share/texlive/texmf-dist/tex/latex/xcolor/xcolor.sty
Package: xcolor 2021/10/31 v2.13 LaTeX color extensions (UK)
 (/usr/share/texlive/texmf-dist/tex/latex/graphics-cfg/color.cfg
File: color.cfg 2016/01/02 v1.6 sample color configuration
)
Package xcolor Info: Driver file: pdftex.def on input line 227.
Package xcolor Info: Model `cmy' substituted by `cmy0' on input line 1352.
Package xcolor Info: Model `hsb' substituted by `rgb' on input line 1356.
Package xcolor Info: Model `RGB' extended on input line 1368.
Package xcolor Info: Model `HTML' substituted by `rgb' on input line 1370.
Package xcolor Info: Model `Hsb' substituted by `hsb' on input line 1371.
Package xcolor Info: Model `tHsb' substituted by `hsb' on input line 1372.
Package xcolor Info: Model `HSB' substituted by `hsb' on input line 1373.
Package xcolor Info: Model `Gray' substituted by `gray' on input line 1374.
Package xcolor Info: Model `wave' substituted by `hsb' on input line 1375.
) (/usr/share/texlive/texmf-dist/tex/latex/hyperref/hyperref.sty
Package: hyperref 2021-06-07 v7.00m Hypertext links for LaTeX
 (/usr/share/texlive/texmf-dist/tex/generic/ltxcmds/ltxcmds.sty
Package: ltxcmds 2020-05-10 v1.25 LaTeX kernel commands for general use (HO)
) (/usr/share/texlive/texmf-dist/tex/generic/iftex/iftex.sty
Package: iftex 2020/03/06 v1.0d TeX engine tests
) (/usr/share/texlive/texmf-dist/tex/generic/pdftexcmds/pdftexcmds.sty
Package: pdftexcmds 2020-06-27 v0.33 Utility functions of pdfTeX for LuaTeX (HO)
 (/usr/share/texlive/texmf-dist/tex/generic/infwarerr/infwarerr.sty
Package: infwarerr 2019/12/03 v1.5 Providing info/warning/error messages (HO)
)
Package pdftexcmds Info: \pdf@primitive is available.
Package pdftexcmds Info: \pdf@ifprimitive is available.
Package pdftexcmds Info: \pdfdraftmode found.
) (/usr/share/texlive/texmf-dist/tex/generic/kvsetkeys/kvsetkeys.sty
Package: kvsetkeys 2019/12/15 v1.18 Key value parser (HO)
) (/usr/share/texlive/texmf-dist/tex/generic/kvdefinekeys/kvdefinekeys.sty
Package: kvdefinekeys 2019-12-19 v1.6 Define keys (HO)
) (/usr/share/texlive/texmf-dist/tex/generic/pdfescape/pdfescape.sty
Package: pdfescape 2019/12/09 v1.15 Implements pdfTeX's escape features (HO)
) (/usr/share/texlive/texmf-dist/tex/latex/hycolor/hycolor.sty
Package: hycolor 2020-01-27 v1.10 Color options for hyperref/bookmark (HO)
) (/usr/share/texlive/texmf-dist/tex/latex/letltxmacro/letltxmacro.sty
Package: letltxmacro 2019/12/03 v1.6 Let assignment for LaTeX macros (HO)
) (/usr/share/texlive/texmf-dist/tex/latex/auxhook/auxhook.sty
Package: auxhook 2019-12-17 v1.6 Hooks for auxiliary files (HO)
) (/usr/share/texlive/texmf-dist/tex/latex/kvoptions/kvoptions.sty
Package: kvoptions 2020-10-07 v3.14 Key value format for package options (HO)
)
\@linkdim=\dimen153
\Hy@linkcounter=\count285
\Hy@pagecounter=\count286
 (/usr/share/texlive/texmf-dist/tex/latex/hyperref/pd1enc.def
File: pd1enc.def 2021-06-07 v7.00m Hyperref: PDFDocEncoding definition (HO)
Now handling font encoding PD1 ...
... no UTF-8 mapping file for font encoding PD1
) (/usr/share/texlive/texmf-dist/tex/latex/hyperref/hyperref-langpatches.def
File: hyperref-langpatches.def 2021-06-07 v7.00m Hyperref: patches for babel languages
) (/usr/share/texlive/texmf-dist/tex/generic/intcalc/intcalc.sty
Package: intcalc 2019/12/15 v1.3 Expandable calculations with integers (HO)
) (/usr/share/texlive/texmf-dist/tex/generic/etexcmds/etexcmds.sty
Package: etexcmds 2019/12/15 v1.7 Avoid name clashes with e-TeX commands (HO)
)
\Hy@SavedSpaceFactor=\count287
 (/usr/share/texlive/texmf-dist/tex/latex/hyperref/puenc.def
File: puenc.def 2021-06-07 v7.00m Hyperref: PDF Unicode definition (HO)
Now handling font encoding PU ...
... no UTF-8 mapping file for font encoding PU
)
Package hyperref Info: Option `bookmarks' set `true' on input line 4073.
Package hyperref Info: Option `pdfnewwindow' set `true' on input line 4073.
Package hyperref Info: Option `colorlinks' set `true' on input line 4073.
Package hyperref Info: Option `final' set `true' on input line 4073.
Package hyperref Info: Hyper figures OFF on input line 4192.
Package hyperref Info: Link nesting OFF on input line 4197.
Package hyperref Info: Hyper index ON on input line 4200.
Package hyperref Info: Plain pages OFF on input line 4207.
Package hyperref Info: Backreferencing OFF on input line 4212.
Package hyperref Info: Implicit mode ON; LaTeX internals redefined.
Package hyperref Info: Bookmarks ON on input line 4445.
LaTeX Info: Redefining \href on input line 4715.
\c@Hy@tempcnt=\count288
LaTeX Info: Redefining \url on input line 4804.
\XeTeXLinkMargin=\dimen154
 (/usr/share/texlive/texmf-dist/tex/generic/bitset/bitset.sty
Package: bitset 2019/12/09 v1.3 Handle bit-vector datatype (HO)
 (/usr/share/texlive/texmf-dist/tex/generic/bigintcalc/bigintcalc.sty
Package: bigintcalc 2019/12/15 v1.5 Expandable calculations on big integers (HO)
))
\Fld@menulength=\count289
\Field@Width=\dimen155
\Fld@charsize=\dimen156
Package hyperref Info: Hyper figures OFF on input line 6076.
Package hyperref Info: Link nesting OFF on input line 6081.
Package hyperref Info: Hyper index ON on input line 6084.
Package hyperref Info: backreferencing OFF on input line 6091.
Package hyperref Info: Link coloring ON on input line 6094.
Package hyperref Info: Link coloring with OCG OFF on input line 6101.
Package hyperref Info: PDF/A mode OFF on input line 6106.
LaTeX Info: Redefining \ref on input line 6146.
LaTeX Info: Redefining \pageref on input line 6150.
 (/usr/share/texlive/texmf-dist/tex/latex/base/atbegshi-ltx.sty
Package: atbegshi-ltx 2021/01/10 v1.0c Emulation of the original atbegshi
package with kernel methods
)
\Hy@abspage=\count290
\c@Item=\count291
\c@Hfootnote=\count292
)
Package hyperref Info: Driver (autodetected): hpdftex.
 (/usr/share/texlive/texmf-dist/tex/latex/hyperref/hpdftex.def
File: hpdftex.def 2021-06-07 v7.00m Hyperref driver for pdfTeX
 (/usr/share/texlive/texmf-dist/tex/latex/base/atveryend-ltx.sty
Package: atveryend-ltx 2020/08/19 v1.0a Emulation of the original atveryend package
with kernel methods
)
\Fld@listcount=\count293
\c@bookmark@seq@number=\count294
 (/usr/share/texlive/texmf-dist/tex/latex/rerunfilecheck/rerunfilecheck.sty
Package: rerunfilecheck 2019/12/05 v1.9 Rerun checks for auxiliary files (HO)
 (/usr/share/texlive/texmf-dist/tex/generic/uniquecounter/uniquecounter.sty
Package: uniquecounter 2019/12/15 v1.4 Provide unlimited unique counter (HO)
)
Package uniquecounter Info: New unique counter `rerunfilecheck' on input line 286.
)
\Hy@SectionHShift=\skip64
) (/usr/share/texlive/texmf-dist/tex/latex/tools/array.sty
Package: array 2021/10/04 v2.5f Tabular extension package (FMi)
\col@sep=\dimen157
\ar@mcellbox=\box71
\extrarowheight=\dimen158
\NC@list=\toks22
\extratabsurround=\skip65
\backup@length=\skip66
\ar@cellbox=\box72
)
\colcount=\count295
\firstcolcount=\count296
\secondcolcount=\count297
\thirdcolcount=\count298
\columncount=\count299
\howmanyDs=\count300
\firsthowmanyDs=\count301
\secondhowmanyDs=\count302
\PartsOfTable=\count303
\columnoneandtwo=\count304
\colnumsused=\count305
\loopnum=\count306
\totalcolumncount=\count307
\totalcolumns=\count308
\firsttablebox=\box73
\secondtablebox=\box74
\thirdtablebox=\box75
\longtablebox=\box76
\splitbox=\box77
\movetabledown=\dimen159
\maxtablewidth=\dimen160
\savetabskip=\dimen161
\tempcounter=\count309
\colheadcount=\count310
\rotatetablebox=\box78
\colorcount=\count311
\editnum=\count312
\refchangenumber=\count313
\listchangenum=\count314
 (/usr/share/texlive/texmf-dist/tex/generic/ulem/ulem.sty
\UL@box=\box79
\UL@hyphenbox=\box80
\UL@skip=\skip67
\UL@hook=\toks23
\UL@height=\dimen162
\UL@pe=\count315
\UL@pixel=\dimen163
\ULC@box=\box81
Package: ulem 2019/11/18
\ULdepth=\dimen164
)
\entriesinthiscollab=\count316
\allentries=\count317
\AuthorCollaborationLimit=\count318
\largestAffilNum=\count319
\totalentries=\count320
\docollabnum=\count321
\tempauthornumber=\count322
\countauthors=\count323
\testnum=\count324
\tempauthorminusone=\count325
\affilnum=\count326
\c@affilcount=\count327
\numauthors=\count328
\collabnum=\count329
\collabnamebox=\box82
\widetext@top=\box83
\widetext@bot=\box84
\currwidth=\dimen165
\interactbox=\box85
\movetableright=\dimen166
) (/usr/share/texlive/texmf-dist/tex/latex/amsmath/amsmath.sty
Package: amsmath 2021/10/15 v2.17l AMS math features
\@mathmargin=\skip68

For additional information on amsmath, use the `?' option.
(/usr/share/texlive/texmf-dist/tex/latex/amsmath/amstext.sty
Package: amstext 2021/08/26 v2.01 AMS text
 (/usr/share/texlive/texmf-dist/tex/latex/amsmath/amsgen.sty
File: amsgen.sty 1999/11/30 v2.0 generic functions
\@emptytoks=\toks24
\ex@=\dimen167
)
LaTeX Info: Redefining \text on input line 28.
) (/usr/share/texlive/texmf-dist/tex/latex/amsmath/amsbsy.sty
Package: amsbsy 1999/11/29 v1.2d Bold Symbols
\pmbraise@=\dimen168
) (/usr/share/texlive/texmf-dist/tex/latex/amsmath/amsopn.sty
Package: amsopn 2021/08/26 v2.02 operator names
)
\inf@bad=\count330
LaTeX Info: Redefining \frac on input line 234.
\uproot@=\count331
\leftroot@=\count332
LaTeX Info: Redefining \overline on input line 399.
\classnum@=\count333
\DOTSCASE@=\count334
LaTeX Info: Redefining \ldots on input line 496.
LaTeX Info: Redefining \dots on input line 499.
LaTeX Info: Redefining \cdots on input line 620.
\Mathstrutbox@=\box86
\strutbox@=\box87
\big@size=\dimen169
LaTeX Font Info:    Redeclaring font encoding OML on input line 743.
LaTeX Font Info:    Redeclaring font encoding OMS on input line 744.
\macc@depth=\count335
\c@MaxMatrixCols=\count336
\dotsspace@=\muskip17
\c@parentequation=\count337
\dspbrk@lvl=\count338
\tag@help=\toks25
\row@=\count339
\column@=\count340
\maxfields@=\count341
\andhelp@=\toks26
\eqnshift@=\dimen170
\alignsep@=\dimen171
\tagshift@=\dimen172
\tagwidth@=\dimen173
\totwidth@=\dimen174
\lineht@=\dimen175
\@envbody=\toks27
\multlinegap=\skip69
\multlinetaggap=\skip70
\mathdisplay@stack=\toks28
LaTeX Info: Redefining \[ on input line 2938.
LaTeX Info: Redefining \] on input line 2939.
) (/usr/share/texlive/texmf-dist/tex/latex/multirow/multirow.sty
Package: multirow 2021/03/15 v2.8 Span multiple rows of a table
\multirow@colwidth=\skip71
\multirow@cntb=\count342
\multirow@dima=\skip72
\bigstrutjot=\dimen176
)
Class revtex4-1 Info: Unrecognized array package. Please update this document class! (Proceeding with fingers crossed.) on input line 10.
Class revtex4-1 Info: Patching unrecognized longtable package. (Proceeding with fingers crossed) on input line 10.
Class revtex4-1 Info: cite was not loaded (OK!) on input line 10.
Class revtex4-1 Info: mcite was not loaded (OK!) on input line 10.
Class revtex4-1 Info: multicol was not loaded (OK!) on input line 10.
 (/usr/share/texlive/texmf-dist/tex/latex/l3backend/l3backend-pdftex.def
File: l3backend-pdftex.def 2022-01-12 L3 backend support: PDF output (pdfTeX)
\l__color_backend_stack_int=\count343
\l__pdf_internal_box=\box88
) (./Example.aux)
\openout1 = `Example.aux'.

LaTeX Font Info:    Checking defaults for OML/cmm/m/it on input line 10.
LaTeX Font Info:    ... okay on input line 10.
LaTeX Font Info:    Checking defaults for OMS/cmsy/m/n on input line 10.
LaTeX Font Info:    ... okay on input line 10.
LaTeX Font Info:    Checking defaults for OT1/cmr/m/n on input line 10.
LaTeX Font Info:    ... okay on input line 10.
LaTeX Font Info:    Checking defaults for T1/cmr/m/n on input line 10.
LaTeX Font Info:    ... okay on input line 10.
LaTeX Font Info:    Checking defaults for TS1/cmr/m/n on input line 10.
LaTeX Font Info:    ... okay on input line 10.
LaTeX Font Info:    Checking defaults for OMX/cmex/m/n on input line 10.
LaTeX Font Info:    ... okay on input line 10.
LaTeX Font Info:    Checking defaults for U/cmr/m/n on input line 10.
LaTeX Font Info:    ... okay on input line 10.
LaTeX Font Info:    Checking defaults for PD1/pdf/m/n on input line 10.
LaTeX Font Info:    ... okay on input line 10.
LaTeX Font Info:    Checking defaults for PU/pdf/m/n on input line 10.
LaTeX Font Info:    ... okay on input line 10.
 (/usr/share/texlive/texmf-dist/tex/context/base/mkii/supp-pdf.mkii
[Loading MPS to PDF converter (version 2006.09.02).]
\scratchcounter=\count344
\scratchdimen=\dimen177
\scratchbox=\box89
\nofMPsegments=\count345
\nofMParguments=\count346
\everyMPshowfont=\toks29
\MPscratchCnt=\count347
\MPscratchDim=\dimen178
\MPnumerator=\count348
\makeMPintoPDFobject=\count349
\everyMPtoPDFconversion=\toks30
) (/usr/share/texlive/texmf-dist/tex/latex/epstopdf-pkg/epstopdf-base.sty
Package: epstopdf-base 2020-01-24 v2.11 Base part for package epstopdf
Package epstopdf-base Info: Redefining graphics rule for `.eps' on input line 485.
 (/usr/share/texlive/texmf-dist/tex/latex/latexconfig/epstopdf-sys.cfg
File: epstopdf-sys.cfg 2010/07/13 v1.3 Configuration of (r)epstopdf for TeX Live
)) (/usr/share/texlive/texmf-dist/tex/latex/lineno/lineno.sty
Package: lineno 2005/11/02 line numbers on paragraphs v4.41
\linenopenalty=\count350
\output=\toks31
\linenoprevgraf=\count351
\linenumbersep=\dimen179
\linenumberwidth=\dimen180
\c@linenumber=\count352
\c@pagewiselinenumber=\count353
\c@LN@truepage=\count354
\c@internallinenumber=\count355
\c@internallinenumbers=\count356
\quotelinenumbersep=\dimen181
\bframerule=\dimen182
\bframesep=\dimen183
\bframebox=\box90
LaTeX Info: Redefining \\ on input line 3056.
)
Package hyperref Info: Link coloring ON on input line 10.
 (/usr/share/texlive/texmf-dist/tex/latex/hyperref/nameref.sty
Package: nameref 2021-04-02 v2.47 Cross-referencing by name of section
 (/usr/share/texlive/texmf-dist/tex/latex/refcount/refcount.sty
Package: refcount 2019/12/15 v3.6 Data extraction from label references (HO)
) (/usr/share/texlive/texmf-dist/tex/generic/gettitlestring/gettitlestring.sty
Package: gettitlestring 2019/12/15 v1.6 Cleanup title references (HO)
)
\c@section@level=\count357
)
LaTeX Info: Redefining \ref on input line 10.
LaTeX Info: Redefining \pageref on input line 10.
LaTeX Info: Redefining \nameref on input line 10.
\@outlinefile=\write4
\openout4 = `Example.out'.

Class revtex4-1 Info: Overriding lineo.sty, restoring output routine, on input line 10.
Class revtex4-1 Info: Line numbering not turned on yet on input line 10.
Class revtex4-1 Info: Overriding \@LN@LLerror on input line 10.
LaTeX Font Info:    Trying to load font information for U+lasy on input line 18.
 (/usr/share/texlive/texmf-dist/tex/latex/base/ulasy.fd
File: ulasy.fd 1998/08/17 v2.2e LaTeX symbol font definitions
)
LaTeX Font Info:    Trying to load font information for U+msa on input line 18.
 (/usr/share/texlive/texmf-dist/tex/latex/amsfonts/umsa.fd
File: umsa.fd 2013/01/14 v3.01 AMS symbols A
)
LaTeX Font Info:    Trying to load font information for U+msb on input line 18.
 (/usr/share/texlive/texmf-dist/tex/latex/amsfonts/umsb.fd
File: umsb.fd 2013/01/14 v3.01 AMS symbols B
)

Package natbib Warning: Citation `hopkins2011selfregulatedstarformationgalaxies' on page 1 undefined on input line 28.


Package natbib Warning: Citation `carr2022regulationstarformationhot' on page 1 undefined on input line 28.


Package natbib Warning: Citation `hopkins2011selfregulatedstarformationgalaxies' on page 1 undefined on input line 28.


Package natbib Warning: Citation `carr2022regulationstarformationhot' on page 1 undefined on input line 28.


Package natbib Warning: Citation `wijesinghe2012galaxymassassemblygama' on page 1 undefined on input line 30.


Package natbib Warning: Citation `shi2023naturevsnurturerevisiting' on page 1 undefined on input line 30.

/home/tda/PABLO/AstroPilot/papers/Project6/Example.tex:30: Missing \endcsname inserted.
<to be read again> 
                   \unhbox 
l.30 ...illán2023relationmorphologystarformation}
                                                  . Factors such as halo mas...
The control sequence marked <to be read again> should
not appear between \csname and \endcsname.


Package natbib Warning: Citation `p\unhbox \voidb@x \bgroup \let \unhbox \voidb@x \setbox \@tempboxa \hbox {e\global \mathchardef \accent@spacefactor \spacefactor }\let \begingroup \let \typeout \begingroup\def 
(natbib)                {
(Font)              }\let \immediate\write \m@ne {LaTeX Font Info:     on input line 30.}\endgroup \endgroup \relax \let \ignorespaces \relax \accent 19 e\egroup \spacefactor \accent@spacefactor rezmill\unhbox \voidb@x \bgroup \let \unhbox \voidb@x \setbox \@tempboxa \hbox {a\global \mathchardef \accent@spacefactor \spacefactor }\let \begingroup \let \typeout \begingroup\def 
(natbib)                {
(Font)              }\let \immediate\write \m@ne {LaTeX Font Info:     on input line 30.}\endgroup \endgroup \relax \let \ignorespaces \relax \accent 19 a\egroup \spacefactor \accent@spacefactor n2023relationmorphologystarformation' on page 1 undefined on input line 30.


Package natbib Warning: Citation `wijesinghe2012galaxymassassemblygama' on page 1 undefined on input line 30.

/home/tda/PABLO/AstroPilot/papers/Project6/Example.tex:30: Missing \endcsname inserted.
<to be read again> 
                   \unhbox 
l.30 ...illán2023relationmorphologystarformation}
                                                  . Environmental effects ca...
The control sequence marked <to be read again> should
not appear between \csname and \endcsname.


Package natbib Warning: Citation `p\unhbox \voidb@x \bgroup \let \unhbox \voidb@x \setbox \@tempboxa \hbox {e\global \mathchardef \accent@spacefactor \spacefactor }\let \begingroup \let \typeout \begingroup\def 
(natbib)                {
(Font)              }\let \immediate\write \m@ne {LaTeX Font Info:     on input line 30.}\endgroup \endgroup \relax \let \ignorespaces \relax \accent 19 e\egroup \spacefactor \accent@spacefactor rezmill\unhbox \voidb@x \bgroup \let \unhbox \voidb@x \setbox \@tempboxa \hbox {a\global \mathchardef \accent@spacefactor \spacefactor }\let \begingroup \let \typeout \begingroup\def 
(natbib)                {
(Font)              }\let \immediate\write \m@ne {LaTeX Font Info:     on input line 30.}\endgroup \endgroup \relax \let \ignorespaces \relax \accent 19 a\egroup \spacefactor \accent@spacefactor n2023relationmorphologystarformation' on page 1 undefined on input line 30.

/home/tda/PABLO/AstroPilot/papers/Project6/Example.tex:30: Missing \endcsname inserted.
<to be read again> 
                   \unhbox 
l.30 ...illán2023relationmorphologystarformation}
                                                  . Disentangling the relati...
The control sequence marked <to be read again> should
not appear between \csname and \endcsname.


Package natbib Warning: Citation `p\unhbox \voidb@x \bgroup \let \unhbox \voidb@x \setbox \@tempboxa \hbox {e\global \mathchardef \accent@spacefactor \spacefactor }\let \begingroup \let \typeout \begingroup\def 
(natbib)                {
(Font)              }\let \immediate\write \m@ne {LaTeX Font Info:     on input line 30.}\endgroup \endgroup \relax \let \ignorespaces \relax \accent 19 e\egroup \spacefactor \accent@spacefactor rezmill\unhbox \voidb@x \bgroup \let \unhbox \voidb@x \setbox \@tempboxa \hbox {a\global \mathchardef \accent@spacefactor \spacefactor }\let \begingroup \let \typeout \begingroup\def 
(natbib)                {
(Font)              }\let \immediate\write \m@ne {LaTeX Font Info:     on input line 30.}\endgroup \endgroup \relax \let \ignorespaces \relax \accent 19 a\egroup \spacefactor \accent@spacefactor n2023relationmorphologystarformation' on page 1 undefined on input line 30.

/home/tda/PABLO/AstroPilot/papers/Project6/Example.tex:30: Missing \endcsname inserted.
<to be read again> 
                   \unhbox 
l.30 ...ation,mucesh2024natureversusnurturegalaxy}
                                                  .
The control sequence marked <to be read again> should
not appear between \csname and \endcsname.


Package natbib Warning: Citation `p\unhbox \voidb@x \bgroup \let \unhbox \voidb@x \setbox \@tempboxa \hbox {e\global \mathchardef \accent@spacefactor \spacefactor }\let \begingroup \let \typeout \begingroup\def 
(natbib)                {
(Font)              }\let \immediate\write \m@ne {LaTeX Font Info:     on input line 30.}\endgroup \endgroup \relax \let \ignorespaces \relax \accent 19 e\egroup \spacefactor \accent@spacefactor rezmill\unhbox \voidb@x \bgroup \let \unhbox \voidb@x \setbox \@tempboxa \hbox {a\global \mathchardef \accent@spacefactor \spacefactor }\let \begingroup \let \typeout \begingroup\def 
(natbib)                {
(Font)              }\let \immediate\write \m@ne {LaTeX Font Info:     on input line 30.}\endgroup \endgroup \relax \let \ignorespaces \relax \accent 19 a\egroup \spacefactor \accent@spacefactor n2023relationmorphologystarformation' on page 1 undefined on input line 30.


Package natbib Warning: Citation `mucesh2024natureversusnurturegalaxy' on page 1 undefined on input line 30.


Package natbib Warning: Citation `das2021galaxyinteractionsdifferentenvironments' on page 1 undefined on input line 32.


Package natbib Warning: Citation `li2024effectgalaxyinteractionsstarbursts' on page 1 undefined on input line 32.


Package natbib Warning: Citation `das2023galaxyinteractionsfilamentssheets' on page 1 undefined on input line 32.


Package natbib Warning: Citation `subramanian2023effectlowmassgalaxyinteractions' on page 1 undefined on input line 32.

[1{/var/lib/texmf/fonts/map/pdftex/updmap/pdftex.map}]

Package natbib Warning: Citation `piotrowska2021quenchingstarformationobserved' on page 2 undefined on input line 34.


Package natbib Warning: Citation `bluck2023fundamentalsignaturestarformation' on page 2 undefined on input line 34.


Package natbib Warning: Citation `kurinchivendhan2024originstarformationquenching' on page 2 undefined on input line 34.


Package natbib Warning: Citation `xie2024quenchedgalaxieshow' on page 2 undefined on input line 36.


Package natbib Warning: Citation `xie2024quenchedgalaxieshow' on page 2 undefined on input line 36.


Package natbib Warning: Citation `xie2024quenchedgalaxieshow' on page 2 undefined on input line 36.


Package natbib Warning: Citation `xie2024quenchedgalaxieshow' on page 2 undefined on input line 36.


Package natbib Warning: Citation `xie2024quenchedgalaxieshow' on page 2 undefined on input line 38.


Package natbib Warning: Citation `xie2024quenchedgalaxieshow' on page 2 undefined on input line 38.


Package natbib Warning: Citation `geha2024sagasurveyivstar' on page 2 undefined on input line 38.


Package natbib Warning: Citation `porrasvalverde2024signatureblackholesquenched' on page 2 undefined on input line 38.


Package natbib Warning: Citation `narkedimilli2024predictingstellarmetallicitycomparative' on page 2 undefined on input line 40.


Package natbib Warning: Citation `martin2024robustbayesianregressionastronomy' on page 2 undefined on input line 40.


Package natbib Warning: Citation `martin2024robustbayesianregressionastronomy' on page 2 undefined on input line 40.


Package natbib Warning: Citation `narkedimilli2024predictingstellarmetallicitycomparative' on page 2 undefined on input line 40.


Package natbib Warning: Citation `martin2024robustbayesianregressionastronomy' on page 2 undefined on input line 40.


Package natbib Warning: Citation `martin2024robustbayesianregressionastronomy' on page 2 undefined on input line 40.


Package natbib Warning: Citation `stoppa2023consistencytestscomparingastrophysical' on page 2 undefined on input line 40.


Package natbib Warning: Citation `schawinski2018exploringgalaxyevolutiongenerative' on page 2 undefined on input line 42.


Package natbib Warning: Citation `lapi2025semiempiricalmodelsgalaxyformation' on page 2 undefined on input line 42.


Package natbib Warning: Citation `li2024usinggalaxyevolutionsource' on page 2 undefined on input line 42.


Package natbib Warning: Citation `comparat2025crosscorrelationsoftxraysgalaxies' on page 2 undefined on input line 42.


Package natbib Warning: Citation `mao2022revealingimpactsstellarmass' on page 2 undefined on input line 44.


Package natbib Warning: Citation `bravo2023galaxyquenchingtimescalesforensic' on page 2 undefined on input line 44.


Package natbib Warning: Citation `dou2025criticalroledarkmatter' on page 2 undefined on input line 44.


Package natbib Warning: Citation `mao2022revealingimpactsstellarmass' on page 2 undefined on input line 44.


Package natbib Warning: Citation `ellison2024galaxyevolutionpostmergerregime' on page 2 undefined on input line 44.


Package natbib Warning: Citation `mao2022revealingimpactsstellarmass' on page 2 undefined on input line 44.


Package natbib Warning: Citation `bravo2023galaxyquenchingtimescalesforensic' on page 2 undefined on input line 44.


Package natbib Warning: Citation `ellison2024galaxyevolutionpostmergerregime' on page 2 undefined on input line 44.

[2]
Underfull \hbox (badness 5652) in paragraph at lines 51--52
\OT1/cmr/m/n/10 the CAMELS database. This data is stored
 []


Underfull \hbox (badness 4048) in paragraph at lines 51--52
\OT1/cmr/m/n/10 in \OT1/cmtt/m/n/10 parquet \OT1/cmr/m/n/10 for-mat for ef-fi-cient stor-age and re-
 []


Package natbib Warning: Citation `villaescusanavarro2022camelsprojectpublicdata' on page 3 undefined on input line 53.


Package natbib Warning: Citation `lee2024zoomingcarpoolgplanenew' on page 3 undefined on input line 53.


Underfull \hbox (badness 10000) in paragraph at lines 53--54
[]\OT1/cmr/m/n/10 The \OT1/cmtt/m/n/10 galaxies[]full[]optimal.parquet \OT1/cmr/m/n/10 dataframe
 []


Underfull \hbox (badness 1112) in paragraph at lines 53--54
\OT1/cmr/m/n/10 pa-ram-e-ters con-trol-ling the ef-fi-ciency of AGN feed-
 []


Package natbib Warning: Citation `bauer2005specificstarformationrates' on page 3 undefined on input line 56.


Package natbib Warning: Citation `whitaker2017predictingquiescencedependencespecific' on page 3 undefined on input line 56.


Package natbib Warning: Citation `katsianis2020specificstarformationrate' on page 3 undefined on input line 56.


Package natbib Warning: Citation `leslie2020vlacosmos3ghzlarge' on page 3 undefined on input line 56.


Package natbib Warning: Citation `contardo2025effectsparametersgalaxyproperties' on page 3 undefined on input line 58.


Package natbib Warning: Citation `desanti2025fieldlevelsimulationbasedinferencegalaxy' on page 3 undefined on input line 58.


Package natbib Warning: Citation `ivanov2025fullshapeanalysissimulationbasedpriors' on page 3 undefined on input line 58.


Underfull \hbox (badness 6675) in paragraph at lines 58--59
[]\OT1/cmr/m/n/10 To link galaxy-level prop-er-ties with the cor-
 []


Underfull \hbox (badness 4036) in paragraph at lines 58--59
\OT1/cmr/m/n/10 re-spond-ing sim-u-la-tion pa-ram-e-ters, we merge the
 []


Package natbib Warning: Citation `porrasvalverde2024signatureblackholesquenched' on page 3 undefined on input line 61.


Package natbib Warning: Citation `vaughan2024samigalaxysurveypredicting' on page 3 undefined on input line 63.


Package natbib Warning: Citation `arangotoro2025cosmoswebhistorygalaxymigrations' on page 3 undefined on input line 63.


Package natbib Warning: Citation `cappellari2002adaptivespatialbinning2d' on page 3 undefined on input line 65.


Package natbib Warning: Citation `cappellari2003adaptivespatialbinningintegralfield' on page 3 undefined on input line 65.


Package natbib Warning: Citation `cappellari2009voronoibinningoptimaladaptive' on page 3 undefined on input line 65.


Package natbib Warning: Citation `xie2024quenchedgalaxieshow' on page 3 undefined on input line 68.


Underfull \hbox (badness 3049) in paragraph at lines 68--69
[]\OT1/cmr/m/n/10 For each com-bi-na-tion of stel-lar mass bin and
 []


Underfull \hbox (badness 1117) in paragraph at lines 68--69
\OT1/cmr/m/n/10 pa-ram-e-ter bin, we cal-cu-late the quenched frac-tion
 []


Package natbib Warning: Citation `banerjee2023clusteringphysicalpropertiesstarforming' on page 3 undefined on input line 72.


Package natbib Warning: Citation `shi2023naturevsnurturerevisiting' on page 3 undefined on input line 72.


Package natbib Warning: Citation `sanderson2009xraymodellinggalaxycluster' on page 3 undefined on input line 74.


Package natbib Warning: Citation `mohammad2022creatingjackknifebootstrapestimates' on page 3 undefined on input line 74.


Package natbib Warning: Citation `sanderson2009xraymodellinggalaxycluster' on page 3 undefined on input line 74.


Package natbib Warning: Citation `mohammad2022creatingjackknifebootstrapestimates' on page 3 undefined on input line 74.


Package natbib Warning: Citation `kuschel2023investigatingdominantenvironmentalquenching' on page 3 undefined on input line 77.


Package natbib Warning: Citation `xie2024quenchedgalaxieshow' on page 3 undefined on input line 77.


Package natbib Warning: Citation `rutkowski2025recentstarformation05z15' on page 3 undefined on input line 77.

[3]
Overfull \hbox (133.473pt too wide) detected at line 80
[][][]\OT1/cmr/m/n/10 (\OML/cmm/m/it/10 p\OT1/cmr/m/n/10 ) = \OML/cmm/m/it/10 ^^L[] \OT1/cmr/m/n/10 + \OML/cmm/m/it/10 ^^L[]A[] \OT1/cmr/m/n/10 + \OML/cmm/m/it/10 ^^L[]A[] \OT1/cmr/m/n/10 + \OML/cmm/m/it/10 ^^L[]A[] \OT1/cmr/m/n/10 + \OML/cmm/m/it/10 ^^L[]A[] \OT1/cmr/m/n/10 + \OML/cmm/m/it/10 ^^L[]\OT1/cmr/m/n/10 
[] + \OML/cmm/m/it/10 ^^L[]^^[[] \OT1/cmr/m/n/10 + \OML/cmm/m/it/10 ^^L[] []\OT1/cmr/m/n/10 (\OML/cmm/m/it/10 M[]\OT1/cmr/m/n/10 ) + []
 []

/home/tda/PABLO/AstroPilot/papers/Project6/Example.tex:81: Missing \endcsname inserted.
<to be read again> 
                   \unhbox 
l.81 ...day,zheng2025photometricobjectscosmicwebs}
                                                  .
The control sequence marked <to be read again> should
not appear between \csname and \endcsname.


Package natbib Warning: Citation `romerog\unhbox \voidb@x \bgroup \let \unhbox \voidb@x \setbox \@tempboxa \hbox {o\global \mathchardef \accent@spacefactor \spacefactor }\let \begingroup \let \typeout \begingroup\def 
(natbib)                {
(Font)              }\let \immediate\write \m@ne {LaTeX Font Info:     on input line 81.}\endgroup \endgroup \relax \let \ignorespaces \relax \accent 19 o\egroup \spacefactor \accent@spacefactor mez2024earlytypegalaxiesquenchedpresentday' on page 4 undefined on input line 81.


Package natbib Warning: Citation `zheng2025photometricobjectscosmicwebs' on page 4 undefined on input line 81.


Package natbib Warning: Citation `llorella2025exploringsymbolicregressiongenetic' on page 4 undefined on input line 83.


Package natbib Warning: Citation `tian2025interactivesymbolicregressionoffline' on page 4 undefined on input line 83.


Package natbib Warning: Citation `porrasvalverde2024signatureblackholesquenched' on page 4 undefined on input line 85.


Package natbib Warning: Citation `hammond2024identifyingfittingeclipsemaps' on page 4 undefined on input line 88.


Package natbib Warning: Citation `sweet2024predictingexoplanetaryfeaturesresidual' on page 4 undefined on input line 88.


Package natbib Warning: Citation `sweet2024predictingexoplanetaryfeaturesresidual' on page 4 undefined on input line 88.


Package natbib Warning: Citation `sweet2024predictingexoplanetaryfeaturesresidual' on page 4 undefined on input line 88.


Package natbib Warning: Citation `hammond2024identifyingfittingeclipsemaps' on page 4 undefined on input line 88.


Package natbib Warning: Citation `sweet2024predictingexoplanetaryfeaturesresidual' on page 4 undefined on input line 88.


Package natbib Warning: Citation `hammond2024identifyingfittingeclipsemaps' on page 4 undefined on input line 88.


Package natbib Warning: Citation `sweet2024predictingexoplanetaryfeaturesresidual' on page 4 undefined on input line 88.


Package natbib Warning: Citation `leslie2021modebymoderelativebinningfast' on page 4 undefined on input line 90.


Package natbib Warning: Citation `dainotti2024newbinningmethodchoose' on page 4 undefined on input line 90.


Package natbib Warning: Citation `chen2024evolutionxraygalaxycluster' on page 4 undefined on input line 90.


Package natbib Warning: Citation `giri2025astronomycalcpythontoolkitteaching' on page 4 undefined on input line 93.


Package natbib Warning: Citation `turk2011highperformanceastrophysicalsimulationsanalysis' on page 4 undefined on input line 93.


Package natbib Warning: Citation `turk2011highperformanceastrophysicalsimulationsanalysis' on page 4 undefined on input line 93.


Underfull \hbox (badness 2368) in paragraph at lines 93--94
\OT1/cmr/m/n/10 per-formed us-ing Python, lever-ag-ing li-braries such
 []


LaTeX Warning: Reference `fig:sSFR_hist' on page 4 undefined on input line 103.


LaTeX Warning: Reference `fig:Mstar_hist' on page 4 undefined on input line 103.


Underfull \hbox (badness 3386) in paragraph at lines 103--104
[]\OT1/cmr/m/n/10 We be-gin by ex-am-in-ing the quenched frac-tion
 []

<../Project6/plots/sSFR_histogram_1_20250424_133143.png, id=38, 439.1607pt x 337.5009pt>
File: ../Project6/plots/sSFR_histogram_1_20250424_133143.png Graphic file (type png)
<use ../Project6/plots/sSFR_histogram_1_20250424_133143.png>
Package pdftex.def Info: ../Project6/plots/sSFR_histogram_1_20250424_133143.png  used on input line 109.
(pdftex.def)             Requested size: 256.55872pt x 197.16685pt.

Overfull \hbox (14.29219pt too wide) in paragraph at lines 109--110
 [][] 
 []


LaTeX Warning: `!h' float specifier changed to `!ht'.

<../Project6/plots/Mstar_histogram_2_20250424_133143.png, id=40, 439.1607pt x 336.7782pt>
File: ../Project6/plots/Mstar_histogram_2_20250424_133143.png Graphic file (type png)
<use ../Project6/plots/Mstar_histogram_2_20250424_133143.png>
Package pdftex.def Info: ../Project6/plots/Mstar_histogram_2_20250424_133143.png  used on input line 116.
(pdftex.def)             Requested size: 256.55872pt x 196.74466pt.

Overfull \hbox (14.29219pt too wide) in paragraph at lines 116--117
 [][] 
 []


LaTeX Warning: `!h' float specifier changed to `!ht'.


LaTeX Warning: Reference `fig:fquenched_ASN1' on page 4 undefined on input line 123.


LaTeX Warning: Reference `fig:ASN1_hist' on page 4 undefined on input line 123.

<../Project6/plots/fquenched_vs_A_SN1_20250424_133824.png, id=41, 440.1243pt x 335.8146pt>
File: ../Project6/plots/fquenched_vs_A_SN1_20250424_133824.png Graphic file (type png)
<use ../Project6/plots/fquenched_vs_A_SN1_20250424_133824.png>
Package pdftex.def Info: ../Project6/plots/fquenched_vs_A_SN1_20250424_133824.png  used on input line 127.
(pdftex.def)             Requested size: 256.55872pt x 195.76668pt.

Overfull \hbox (14.29219pt too wide) in paragraph at lines 127--128
 [][] 
 []


LaTeX Warning: `!h' float specifier changed to `!ht'.

<../Project6/plots/A_SN1_histogram_3_20250424_133143.png, id=42, 439.1607pt x 335.8146pt>
File: ../Project6/plots/A_SN1_histogram_3_20250424_133143.png Graphic file (type png)
<use ../Project6/plots/A_SN1_histogram_3_20250424_133143.png>
Package pdftex.def Info: ../Project6/plots/A_SN1_histogram_3_20250424_133143.png  used on input line 134.
(pdftex.def)             Requested size: 256.55872pt x 196.18173pt.

Overfull \hbox (14.29219pt too wide) in paragraph at lines 134--135
 [][] 
 []


LaTeX Warning: `!h' float specifier changed to `!ht'.


LaTeX Warning: Reference `fig:fquenched_AAGN1' on page 4 undefined on input line 141.


LaTeX Warning: Reference `fig:AAGN1_hist' on page 4 undefined on input line 141.

[4]

LaTeX Warning: A float is stuck (cannot be placed) on input line 142.


LaTeX Warning: A float is stuck (cannot be placed) on input line 142.


Class revtex4-1 Warning: Deferred float stuck during \clearpage processing.

[5 <../Project6/plots/sSFR_histogram_1_20250424_133143.png> <../Project6/plots/Mstar_histogram_2_20250424_133143.png> <../Project6/plots/fquenched_vs_A_SN1_20250424_133824.png> <../Project6/plots/A_SN1_histogram_3_20250424_133143.png>]
<../Project6/plots/fquenched_vs_A_AGN1_20250424_133935.png, id=75, 440.1243pt x 335.8146pt>
File: ../Project6/plots/fquenched_vs_A_AGN1_20250424_133935.png Graphic file (type png)
<use ../Project6/plots/fquenched_vs_A_AGN1_20250424_133935.png>
Package pdftex.def Info: ../Project6/plots/fquenched_vs_A_AGN1_20250424_133935.png  used on input line 145.
(pdftex.def)             Requested size: 256.55872pt x 195.76668pt.

Overfull \hbox (14.29219pt too wide) in paragraph at lines 145--146
 [][] 
 []

<../Project6/plots/A_AGN1_histogram_5_20250424_133143.png, id=76, 439.1607pt x 335.8146pt>
File: ../Project6/plots/A_AGN1_histogram_5_20250424_133143.png Graphic file (type png)
<use ../Project6/plots/A_AGN1_histogram_5_20250424_133143.png>
Package pdftex.def Info: ../Project6/plots/A_AGN1_histogram_5_20250424_133143.png  used on input line 152.
(pdftex.def)             Requested size: 256.55872pt x 196.18173pt.

Overfull \hbox (14.29219pt too wide) in paragraph at lines 152--153
 [][] 
 []


LaTeX Warning: Reference `fig:fquenched_ASN2' on page 6 undefined on input line 159.


LaTeX Warning: Reference `fig:fquenched_AAGN2' on page 6 undefined on input line 159.


LaTeX Warning: Reference `fig:ASN2_hist' on page 6 undefined on input line 159.


LaTeX Warning: Reference `fig:AAGN2_hist' on page 6 undefined on input line 159.

<../Project6/plots/fquenched_vs_A_SN2_20250424_133824.png, id=77, 440.1243pt x 335.8146pt>
File: ../Project6/plots/fquenched_vs_A_SN2_20250424_133824.png Graphic file (type png)
<use ../Project6/plots/fquenched_vs_A_SN2_20250424_133824.png>
Package pdftex.def Info: ../Project6/plots/fquenched_vs_A_SN2_20250424_133824.png  used on input line 163.
(pdftex.def)             Requested size: 256.55872pt x 195.76668pt.

Overfull \hbox (14.29219pt too wide) in paragraph at lines 163--164
 [][] 
 []

<../Project6/plots/A_SN2_histogram_4_20250424_133143.png, id=78, 439.1607pt x 335.8146pt>
File: ../Project6/plots/A_SN2_histogram_4_20250424_133143.png Graphic file (type png)
<use ../Project6/plots/A_SN2_histogram_4_20250424_133143.png>
Package pdftex.def Info: ../Project6/plots/A_SN2_histogram_4_20250424_133143.png  used on input line 170.
(pdftex.def)             Requested size: 256.55872pt x 196.18173pt.

Overfull \hbox (14.29219pt too wide) in paragraph at lines 170--171
 [][] 
 []


LaTeX Warning: `!h' float specifier changed to `!ht'.

<../Project6/plots/fquenched_vs_A_AGN2_20250424_133935.png, id=79, 440.1243pt x 335.8146pt>
File: ../Project6/plots/fquenched_vs_A_AGN2_20250424_133935.png Graphic file (type png)
<use ../Project6/plots/fquenched_vs_A_AGN2_20250424_133935.png>
Package pdftex.def Info: ../Project6/plots/fquenched_vs_A_AGN2_20250424_133935.png  used on input line 177.
(pdftex.def)             Requested size: 256.55872pt x 195.76668pt.

Overfull \hbox (14.29219pt too wide) in paragraph at lines 177--178
 [][] 
 []


LaTeX Warning: `!h' float specifier changed to `!ht'.

<../Project6/plots/A_AGN2_histogram_6_20250424_133143.png, id=80, 439.1607pt x 335.8146pt>
File: ../Project6/plots/A_AGN2_histogram_6_20250424_133143.png Graphic file (type png)
<use ../Project6/plots/A_AGN2_histogram_6_20250424_133143.png>
Package pdftex.def Info: ../Project6/plots/A_AGN2_histogram_6_20250424_133143.png  used on input line 184.
(pdftex.def)             Requested size: 256.55872pt x 196.18173pt.

Overfull \hbox (14.29219pt too wide) in paragraph at lines 184--185
 [][] 
 []


LaTeX Warning: `!h' float specifier changed to `!ht'.

[6 <../Project6/plots/fquenched_vs_A_AGN1_20250424_133935.png> <../Project6/plots/A_AGN1_histogram_5_20250424_133143.png> <../Project6/plots/fquenched_vs_A_SN2_20250424_133824.png>]

LaTeX Warning: A float is stuck (cannot be placed) on input line 196.


LaTeX Warning: A float is stuck (cannot be placed) on input line 196.


Class revtex4-1 Warning: Deferred float stuck during \clearpage processing.


LaTeX Warning: Reference `fig:permutation_importance' on page 7 undefined on input line 199.


Underfull \hbox (badness 1253) in paragraph at lines 199--200
\OT1/cmr/m/n/10 that $\OML/cmm/m/it/10 ^^[[]$ \OT1/cmr/m/n/10 is the most im-por-tant pa-ram-e-ter (im-por-
 []

<../Project6/plots/permutation_importance_20250424_133935.png, id=94, 675.0018pt x 392.4261pt>
File: ../Project6/plots/permutation_importance_20250424_133935.png Graphic file (type png)
<use ../Project6/plots/permutation_importance_20250424_133935.png>
Package pdftex.def Info: ../Project6/plots/permutation_importance_20250424_133935.png  used on input line 203.
(pdftex.def)             Requested size: 256.55872pt x 149.1534pt.

Overfull \hbox (14.29219pt too wide) in paragraph at lines 203--204
 [][] 
 []


LaTeX Warning: Reference `fig:logreg_coefficients' on page 7 undefined on input line 210.

[7 <../Project6/plots/A_SN2_histogram_4_20250424_133143.png> <../Project6/plots/fquenched_vs_A_AGN2_20250424_133935.png> <../Project6/plots/A_AGN2_histogram_6_20250424_133143.png> <../Project6/plots/permutation_importance_20250424_133935.png>]
<../Project6/plots/logreg_coefficients_20250424_133935.png, id=110, 675.0018pt x 391.9443pt>
File: ../Project6/plots/logreg_coefficients_20250424_133935.png Graphic file (type png)
<use ../Project6/plots/logreg_coefficients_20250424_133935.png>
Package pdftex.def Info: ../Project6/plots/logreg_coefficients_20250424_133935.png  used on input line 214.
(pdftex.def)             Requested size: 256.55872pt x 148.97028pt.

Overfull \hbox (14.29219pt too wide) in paragraph at lines 214--215
 [][] 
 []


LaTeX Warning: Reference `fig:heatmap_fquenched' on page 8 undefined on input line 231.


LaTeX Warning: Reference `fig:heatmap_fquenched_2' on page 8 undefined on input line 231.


LaTeX Warning: Reference `fig:heatmap_fquenched_3' on page 8 undefined on input line 231.

<../Project6/plots/fquenched_heatmap_SN1_AGN1_8_5_10_M_star_M_9_5_20250424_133935.png, id=111, 380.1402pt x 348.8232pt>
File: ../Project6/plots/fquenched_heatmap_SN1_AGN1_8_5_10_M_star_M_9_5_20250424_133935.png Graphic file (type png)
<use ../Project6/plots/fquenched_heatmap_SN1_AGN1_8_5_10_M_star_M_9_5_20250424_133935.png>
Package pdftex.def Info: ../Project6/plots/fquenched_heatmap_SN1_AGN1_8_5_10_M_star_M_9_5_20250424_133935.png  used on input line 235.
(pdftex.def)             Requested size: 256.55872pt x 235.42952pt.

Overfull \hbox (14.29219pt too wide) in paragraph at lines 235--236
 [][] 
 []

<../Project6/plots/fquenched_heatmap_SN1_AGN1_9_5_10_M_star_M_10_5_20250424_133935.png, id=112, 385.1991pt x 348.8232pt>
File: ../Project6/plots/fquenched_heatmap_SN1_AGN1_9_5_10_M_star_M_10_5_20250424_133935.png Graphic file (type png)
<use ../Project6/plots/fquenched_heatmap_SN1_AGN1_9_5_10_M_star_M_10_5_20250424_133935.png>
Package pdftex.def Info: ../Project6/plots/fquenched_heatmap_SN1_AGN1_9_5_10_M_star_M_10_5_20250424_133935.png  used on input line 242.
(pdftex.def)             Requested size: 256.55872pt x 232.3371pt.

Overfull \hbox (14.29219pt too wide) in paragraph at lines 242--243
 [][] 
 []


LaTeX Warning: `!h' float specifier changed to `!ht'.

<../Project6/plots/fquenched_heatmap_SN1_AGN1_10_5_10_M_star_M_11_5_20250424_133935.png, id=113, 380.1402pt x 348.8232pt>
File: ../Project6/plots/fquenched_heatmap_SN1_AGN1_10_5_10_M_star_M_11_5_20250424_133935.png Graphic file (type png)
<use ../Project6/plots/fquenched_heatmap_SN1_AGN1_10_5_10_M_star_M_11_5_20250424_133935.png>
Package pdftex.def Info: ../Project6/plots/fquenched_heatmap_SN1_AGN1_10_5_10_M_star_M_11_5_20250424_133935.png  used on input line 249.
(pdftex.def)             Requested size: 256.55872pt x 235.42952pt.

Overfull \hbox (14.29219pt too wide) in paragraph at lines 249--250
 [][] 
 []


LaTeX Warning: `!h' float specifier changed to `!ht'.

[8 <../Project6/plots/logreg_coefficients_20250424_133935.png> <../Project6/plots/fquenched_heatmap_SN1_AGN1_8_5_10_M_star_M_9_5_20250424_133935.png>]

LaTeX Warning: A float is stuck (cannot be placed) on input line 254.


LaTeX Warning: A float is stuck (cannot be placed) on input line 254.


Class revtex4-1 Warning: Deferred float stuck during \clearpage processing.

[9 <../Project6/plots/fquenched_heatmap_SN1_AGN1_9_5_10_M_star_M_10_5_20250424_133935.png> <../Project6/plots/fquenched_heatmap_SN1_AGN1_10_5_10_M_star_M_11_5_20250424_133935.png>]
No file Example.bbl.

Package natbib Warning: There were undefined citations.

[10] (./Example.aux)

LaTeX Warning: There were undefined references.


LaTeX Warning: Label(s) may have changed. Rerun to get cross-references right.


Package rerunfilecheck Warning: File `Example.out' has changed.
(rerunfilecheck)                Rerun to get outlines right
(rerunfilecheck)                or use package `bookmark'.

Package rerunfilecheck Info: Checksums for `Example.out':
(rerunfilecheck)             Before: <no file>
(rerunfilecheck)             After:  8562BE35EA051CD051ED769CD6998389;4745.
 ) 
Here is how much of TeX's memory you used:
 13355 strings out of 480247
 203257 string characters out of 5896152
 546108 words of memory out of 5000000
 31056 multiletter control sequences out of 15000+600000
 480181 words of font info for 72 fonts, out of 8000000 for 9000
 14 hyphenation exceptions out of 8191
 75i,7n,77p,1587b,387s stack positions out of 5000i,500n,10000p,200000b,80000s
</usr/share/texlive/texmf-dist/fonts/type1/public/amsfonts/cm/cmbx10.pfb></usr/share/texlive/texmf-dist/fonts/type1/public/amsfonts/cm/cmbx8.pfb></usr/share/texlive/texmf-dist/fonts/type1/public/amsfonts/cm/cmbx9.pfb></usr/share/texlive/texmf-dist/fonts/type1/public/amsfonts/cm/cmcsc10.pfb></usr/share/texlive/texmf-dist/fonts/type1/public/amsfonts/cm/cmmi10.pfb></usr/share/texlive/texmf-dist/fonts/type1/public/amsfonts/cm/cmmi6.pfb></usr/share/texlive/texmf-dist/fonts/type1/public/amsfonts/cm/cmmi7.pfb></usr/share/texlive/texmf-dist/fonts/type1/public/amsfonts/cm/cmmi9.pfb></usr/share/texlive/texmf-dist/fonts/type1/public/amsfonts/cm/cmr10.pfb></usr/share/texlive/texmf-dist/fonts/type1/public/amsfonts/cm/cmr6.pfb></usr/share/texlive/texmf-dist/fonts/type1/public/amsfonts/cm/cmr7.pfb></usr/share/texlive/texmf-dist/fonts/type1/public/amsfonts/cm/cmr8.pfb></usr/share/texlive/texmf-dist/fonts/type1/public/amsfonts/cm/cmr9.pfb></usr/share/texlive/texmf-dist/fonts/type1/public/amsfonts/cm/cmsy10.pfb></usr/share/texlive/texmf-dist/fonts/type1/public/amsfonts/cm/cmsy6.pfb></usr/share/texlive/texmf-dist/fonts/type1/public/amsfonts/cm/cmsy7.pfb></usr/share/texlive/texmf-dist/fonts/type1/public/amsfonts/cm/cmsy9.pfb></usr/share/texlive/texmf-dist/fonts/type1/public/amsfonts/cm/cmti10.pfb></usr/share/texlive/texmf-dist/fonts/type1/public/amsfonts/cm/cmti8.pfb></usr/share/texlive/texmf-dist/fonts/type1/public/amsfonts/cm/cmti9.pfb></usr/share/texlive/texmf-dist/fonts/type1/public/amsfonts/cm/cmtt10.pfb>
Output written on Example.pdf (10 pages, 1510516 bytes).
PDF statistics:
 239 PDF objects out of 1000 (max. 8388607)
 153 compressed objects within 2 object streams
 51 named destinations out of 1000 (max. 500000)
 76 words of extra memory for PDF output out of 10000 (max. 10000000)

