Iteration 0:
**IDEA:** Predicting Halo Assembly Bias from Merger Tree Structure using Graph Neural Networks.

**Description:** This paper explores the connection between a halo's merger history (encoded in the merger tree) and its large-scale clustering, a phenomenon known as halo assembly bias. We hypothesize that the structure of the merger tree, specifically the timing and characteristics of major mergers, leaves a signature on the halo's properties that influences its clustering behavior, even after controlling for halo mass.

We will train a Graph Neural Network (GNN) to predict a halo's assembly bias parameter from its merger tree. The GNN will take the merger tree as input (node features: mass, concentration, vmax, scale factor; edge features: time difference between mergers) and output a prediction for the halo's assembly bias. Since we don't have direct assembly bias measurements from the simulation, we can predict a proxy for assembly bias. We could predict, for instance, the halo formation time (defined as the redshift when the halo's main progenitor first reached half its present-day mass). This formation time is known to correlate with assembly bias.

Specifically, we can:

1.  Preprocess the data: Take the logarithm of mass, concentration, and Vmax. Normalize all node features (log mass, log concentration, log Vmax, scale factor) and edge features (time difference between mergers) to have zero mean and unit variance.
2.  Split the dataset into training, validation, and test sets.
3.  Implement a GNN architecture suitable for this task. A good starting point would be Graph Convolutional Networks (GCNs) or GraphSAGE. We can experiment with different architectures and hyperparameters using the validation set to optimize performance.
4.  Train the GNN to predict the halo formation time.
5.  Evaluate the performance of the trained GNN on the test set. We can use metrics like Mean Squared Error (MSE) or R-squared to quantify the accuracy of the predictions.
6.  Analyze the GNN's predictions to understand which aspects of the merger tree are most important for predicting halo assembly bias. We can use techniques like feature importance analysis to identify the key nodes and edges that contribute to the prediction.
7.  Visualize the merger trees and the corresponding GNN predictions to gain further insights into the relationship between merger history and halo assembly bias. For example, we can plot the predicted halo formation time versus the actual halo formation time, and color-code the points by different merger tree properties (e.g., number of major mergers, time of last major merger).

The plots will show the distribution of the data, the architecture of the GNN, the training/validation loss curves, and the predicted vs. actual halo formation time.
---------------------------------------------
Criticism:
The idea is reasonable, but it has several weaknesses:

1.  **Limited Dataset Size:** 1000 merger trees is a very small dataset for training a GNN, especially for a complex task like predicting assembly bias. This will likely lead to overfitting and poor generalization performance. We need to strongly consider data augmentation techniques, transfer learning from related datasets (if any exist), or exploring simpler models.
2.  **Computational Constraints:** The inability to use GPUs is a significant bottleneck. GNNs are computationally expensive, and training them on CPUs will be slow and limit the complexity of the models that can be explored. This makes hyperparameter tuning difficult. We need to carefully choose a GNN architecture that is efficient and consider techniques like distributed training (if feasible) to speed up the training process.
3.  **Proxy Target Variable:** Predicting halo formation time as a proxy for assembly bias is indirect. While correlated, it's not a perfect proxy. The GNN's performance will be limited by the strength of this correlation. It might be worth exploring other assembly bias proxies that can be derived from the merger tree data or consulting with experts in the field to identify a more suitable target variable.
4.  **Edge Feature:** The edge feature (time difference between mergers) is a good starting point, but it may not be sufficient to capture the complex relationships between halos in the merger tree. We should consider other edge features, such as the mass ratio of the merging halos or the relative velocities of the halos before the merger.
5.  **Evaluation Metrics:** While MSE and R-squared are common metrics, they may not be the most appropriate for evaluating the performance of the GNN in this context. We should consider other metrics that are more sensitive to the specific aspects of assembly bias that we are trying to capture. For example, we could look at the correlation between the predicted and actual halo formation times in different mass bins.
6.  **Feature Importance Analysis:** Feature importance analysis is a good idea, but it's important to use techniques that are appropriate for GNNs. Traditional feature importance methods may not work well in this context. We should explore GNN-specific feature importance techniques, such as those based on attention mechanisms or gradient-based methods.
7. **Missing definition of halo formation time:** The definition of halo formation time is ambiguous. "Redshift when the halo's main progenitor first reached half its present-day mass" needs more clarification. Does it mean *exactly* half the mass, or *at least* half the mass? This needs to be clearly defined and consistently applied.

To improve the idea, I would suggest the following:

*   **Explore data augmentation techniques:**  Synthetically generate more merger trees by perturbing existing ones (e.g., adding small random variations to node features, randomly rewiring some edges).
*   **Consider transfer learning:**  If there are other datasets of merger trees with slightly different properties, pre-train the GNN on that dataset and then fine-tune it on the target dataset.
*   **Investigate simpler models:**  Given the limited dataset size and computational constraints, simpler models like graph regression models or even carefully designed feature engineering followed by a simple regression model might outperform a complex GNN.
*   **Refine the edge features:**  Experiment with different edge features to capture more information about the merger process.
*   **Consult with experts:**  Talk to experts in halo assembly bias to identify a better proxy for assembly bias or to get insights into which aspects of the merger tree are most relevant.
---------------------------------------------
Iteration 1:
**IDEA:** Predicting Halo Concentration from Merger Tree Structure using Graph Neural Networks with Attention Mechanisms.

**Description:** This paper explores the connection between a halo's merger history and its concentration, a key halo property related to its density profile. We hypothesize that the structure of the merger tree encodes information about the halo's formation history that directly impacts its concentration. We will train a Graph Neural Network (GNN) with attention mechanisms to predict a halo's concentration from its merger tree. The GNN will take the merger tree as input (node features: mass, vmax, scale factor; edge features: mass ratio of merging halos, time difference between mergers, relative velocity proxy) and output a prediction for the halo's concentration. We choose concentration as the target variable because it's directly available, avoids the proxy issue of formation time, and is physically meaningful.
---------------------------------------------
Criticism:
The idea is reasonable, but several points need critical examination and refinement:

1.  **Edge Features are Vague:** The edge features "mass ratio of merging halos, time difference between mergers, relative velocity proxy" need to be precisely defined. How is "relative velocity proxy" calculated from the available data? This needs a clear, implementable definition. Also, are these features truly informative? A justification for their inclusion is needed.

2.  **Attention Mechanism Justification:** Why is an attention mechanism specifically chosen? What aspect of the problem necessitates it? A strong justification is needed. Is it assumed that certain mergers are more important than others, and attention will help the network focus on those? If so, explain why this is expected in the context of halo concentration. Without a clear rationale, the attention mechanism might just add complexity without significant benefit.

3.  **Computational Constraints:** The limitation to CPUs is a significant constraint. Attention mechanisms, especially with larger graphs, can be computationally expensive. The proposal needs to address how this will be managed. Will the model size be limited? Will batch sizes be reduced? Will alternative, more efficient attention mechanisms be considered?

4.  **Data Preprocessing Details:** The proposal mentions taking the logarithm of mass and concentration in the previous iteration but is missing in the current idea. This is vital for handling the wide range of values and should be explicitly stated. Also, standardization/normalization of all features is crucial and should be explicitly included as a preprocessing step.

5.  **Evaluation Metrics:** The proposal lacks specific evaluation metrics beyond a general statement. For regression tasks like predicting halo concentration, metrics like Mean Absolute Error (MAE), Root Mean Squared Error (RMSE), and R-squared should be explicitly mentioned. Furthermore, visualizing the residuals (predicted - actual) is important for identifying biases in the model.

6.  **Baseline Comparison:** It is important to compare the GNN performance against simpler models. For example, a linear regression model using only the root halo's mass and scale factor as predictors would serve as a good baseline. This comparison will demonstrate the added value of using a GNN with merger tree information.

7.  **Overfitting Concerns:** With only 1000 merger trees, overfitting is a major concern. The proposal needs to explicitly address strategies for mitigating overfitting, such as:
    *   **Data Augmentation:** Can the merger trees be augmented in any meaningful way (e.g., by adding noise to the node features)?
    *   **Regularization:** Use L1 or L2 regularization on the GNN's weights.
    *   **Dropout:** Apply dropout to the nodes or edges of the graph during training.
    *   **Early Stopping:** Monitor the validation loss and stop training when it starts to increase.

8.  **Reproducibility:** The proposal should emphasize the importance of reproducibility by specifying the random seed used for splitting the data and initializing the model weights.
---------------------------------------------
Iteration 2:
**IDEA:** Predicting Halo Spin Parameter from Merger Tree Asymmetry using Geometric Deep Learning and Contrastive Learning.

**Description:** This paper explores the connection between a halo's merger history asymmetry and its spin parameter, a key indicator of angular momentum. We hypothesize that the asymmetry of the merger tree, quantified by the distribution of mass and momentum among its branches, is directly related to the final spin of the halo. We will train a Graph Neural Network (GNN) with a contrastive learning objective to predict a proxy for the halo's spin parameter from its merger tree. The GNN will take the merger tree as input (node features: log mass, log Vmax, scale factor; edge features: mass ratio of merging halos, normalized relative momentum proxy, time difference between mergers) and learn to embed merger trees with similar spin parameters closer together in latent space, while pushing apart those with dissimilar spin parameters. We choose spin parameter because is related with the angular momentum, which is a physical property of the halo.
---------------------------------------------
Criticism:
The idea is good, but there are a few points to consider:

1.  **Spin Parameter Proxy:** The success hinges on defining a good proxy for the halo spin parameter. Without direct spin measurements, the proxy needs to be well-motivated and strongly correlated with the true spin. How will this proxy be calculated from the simulation data? The description lacks specifics here, and this is crucial.
2.  **Contrastive Learning Objective:** While contrastive learning is a powerful technique, its effectiveness depends on the choice of positive and negative pairs. How will you define "similar" and "dissimilar" spin parameters for the contrastive loss? Simple thresholding might not be sufficient. Consider exploring more sophisticated methods for defining similarity based on halo properties or merger tree characteristics.
3.  **Momentum Proxy:** The "normalized relative momentum proxy" on the edges needs to be defined more precisely. How is momentum calculated from the available data (mass, Vmax, scale factor, relative positions of halos)? What normalization is applied? The choice of momentum proxy will significantly impact the GNN's ability to capture asymmetry.
4.  **Computational Cost:** Training a GNN with contrastive learning on even 1000 merger trees can be computationally expensive, especially without GPU acceleration. Consider strategies for reducing the computational burden, such as using smaller GNN architectures or employing techniques like graph sampling.
5.  **Evaluation Metric:** While contrastive learning aims to create meaningful embeddings, it's important to have a quantitative evaluation metric beyond just visualizing the embeddings. Consider using metrics like clustering accuracy or downstream task performance (e.g., predicting a related halo property from the learned embeddings) to assess the quality of the learned representations.
6.  **Overfitting:** With only 1000 merger trees, overfitting could be a significant problem, especially with a complex GNN architecture and contrastive learning. Implement strong regularization techniques (e.g., dropout, weight decay) and carefully monitor the validation loss to prevent overfitting.
---------------------------------------------
Iteration 3:
**IDEA:** Predicting Halo Assembly Bias from Merger Tree Morphology using Graph Neural Networks and Topological Data Analysis.

**Description:** This paper explores the connection between a halo's merger tree morphology and its assembly bias. We hypothesize that topological features of the merger tree, such as the number of loops and branches, quantify the halo's formation history in a way that correlates with its large-scale clustering. We will train a Graph Neural Network (GNN) to predict a continuous assembly bias proxy from its merger tree, guided by insights from Topological Data Analysis (TDA). The GNN will take the merger tree as input (node features: normalized log mass, normalized log Vmax, scale factor; edge features: mass ratio of merging halos, normalized relative velocity difference, time difference between mergers) and output a prediction for the halo's assembly bias proxy. We will use persistent homology to extract topological features from the merger trees and inform the GNN architecture and training process.
---------------------------------------------
