LaTeX Compilation Errors Found:

! Missing $ inserted.
<inserted text>
$
l.13 ... detailed in the file `data/normalization_
params.npz`, were: mean = ...

? (/usr/local/texlive/2019/texmf-dist/tex/latex/base/ulasy.fd)

! Missing $ inserted.
<inserted text>
$
l.14

?

! Emergency stop.
<inserted text>
$
l.14

No pages of output.
Transcript written on Results_8_13.log.
---- STDERR ----
---- STDOUT ----
This is XeTeX, Version 3.14159265-2.6-0.999991 (TeX Live 2019) (preloaded format=xelatex)
restricted \write18 enabled.
entering extended mode

! Missing $ inserted.
<inserted text>
$
l.24 ...e, using raw values from `data/engineered_
features_train.npz`) were ...

? (/usr/local/texlive/2019/texmf-dist/tex/latex/base/ulasy.fd)

! Missing $ inserted.
<inserted text>
$
l.25

?

! Emergency stop.
<inserted text>
$
l.25

No pages of output.
Transcript written on Results_8_13_v1.log.
---- STDERR ----
---- STDOUT ----
This is XeTeX, Version 3.14159265-2.6-0.999991 (TeX Live 2019) (preloaded format=xelatex)
restricted \write18 enabled.
entering extended mode

! Missing $ inserted.
<inserted text>
$
l.63 ...n `data/pca\_explained\_variance\_plot\_1_
<timestamp>.png`) shows th...

? ! Missing $ inserted.
<inserted text>
$
l.64

?

! Emergency stop.
<inserted text>
$
l.64

No pages of output.
Transcript written on Results_8_13_v2.log.
---- STDERR ----
---- STDOUT ----
This is XeTeX, Version 3.14159265-2.6-0.999991 (TeX Live 2019) (preloaded format=xelatex)
restricted \write18 enabled.
entering extended mode

! Undefined control sequence.
l.63 ...data/pca\_explained\_variance\_plot\_1\_\<
timestamp>.png`) shows the...

?
Underfull \hbox (badness 1242) in paragraph at lines 63--64
[]\TU/lmr/m/n/10 To reduce dimensionality and decorrelate features, Principal C
omponent Analysis (PCA) was applied to

Underfull \hbox (badness 1715) in paragraph at lines 63--64
\TU/lmr/m/n/10 the mean-imputed 24 engineered features derived from the trainin
g set. The goal was to retain most

Underfull \hbox (badness 1436) in paragraph at lines 63--64
\TU/lmr/m/n/10 of the variance while reducing the number of features. The PCA e
xplained variance plot (available in

LaTeX Warning: `!h' float specifier changed to `!ht'.


! Undefined control sequence.
l.72 ...able in `data/pca\_projection\_plot\_6\_\<
timestamp>.png`). These pr...

?

! Emergency stop.
l.72 ...able in `data/pca\_projection\_plot\_6\_\<
timestamp>.png`). These pr...

No pages of output.
Transcript written on Results_8_13_v3.log.
---- STDERR ----

